[0.004s] Invoking command in '/home/omar/ptz_ws/build/yolo_bringup': AMENT_PREFIX_PATH=/home/omar/ptz_ws/install/yolo_ros:/home/omar/ptz_ws/install/yolo_msgs:${AMENT_PREFIX_PATH} CMAKE_PREFIX_PATH=/home/omar/ptz_ws/install/yolo_msgs:/home/omar/ptz_ws/install/ptz_robot:/opt/ros/humble LD_LIBRARY_PATH=/home/omar/ptz_ws/install/yolo_msgs/lib:${LD_LIBRARY_PATH} PYTHONPATH=/home/omar/ptz_ws/build/yolo_ros:/home/omar/ptz_ws/install/yolo_ros/lib/python3.10/site-packages:/home/omar/ptz_ws/install/yolo_msgs/local/lib/python3.10/dist-packages:${PYTHONPATH} /usr/bin/cmake /home/omar/ptz_ws/src/yolo_ros/yolo_bringup -DAMENT_CMAKE_SYMLINK_INSTALL=1 -DCMAKE_INSTALL_PREFIX=/home/omar/ptz_ws/install/yolo_bringup
[0.025s] -- The C compiler identification is GNU 11.4.0
[0.047s] -- The CXX compiler identification is GNU 11.4.0
[0.050s] -- Detecting C compiler ABI info
[0.075s] -- Detecting C compiler ABI info - done
[0.078s] -- Check for working C compiler: /usr/bin/cc - skipped
[0.078s] -- Detecting C compile features
[0.079s] -- Detecting C compile features - done
[0.080s] -- Detecting CXX compiler ABI info
[0.108s] -- Detecting CXX compiler ABI info - done
[0.111s] -- Check for working CXX compiler: /usr/bin/c++ - skipped
[0.111s] -- Detecting CXX compile features
[0.112s] -- Detecting CXX compile features - done
[0.113s] -- Found ament_cmake: 1.3.12 (/opt/ros/humble/share/ament_cmake/cmake)
[0.172s] -- Found Python3: /usr/bin/python3 (found version "3.10.12") found components: Interpreter 
[0.200s] -- Override CMake install command with custom implementation using symlinks instead of copying resources
[0.236s] -- Configuring done
[0.237s] -- Generating done
[0.238s] -- Build files have been written to: /home/omar/ptz_ws/build/yolo_bringup
[0.240s] Invoked command in '/home/omar/ptz_ws/build/yolo_bringup' returned '0': AMENT_PREFIX_PATH=/home/omar/ptz_ws/install/yolo_ros:/home/omar/ptz_ws/install/yolo_msgs:${AMENT_PREFIX_PATH} CMAKE_PREFIX_PATH=/home/omar/ptz_ws/install/yolo_msgs:/home/omar/ptz_ws/install/ptz_robot:/opt/ros/humble LD_LIBRARY_PATH=/home/omar/ptz_ws/install/yolo_msgs/lib:${LD_LIBRARY_PATH} PYTHONPATH=/home/omar/ptz_ws/build/yolo_ros:/home/omar/ptz_ws/install/yolo_ros/lib/python3.10/site-packages:/home/omar/ptz_ws/install/yolo_msgs/local/lib/python3.10/dist-packages:${PYTHONPATH} /usr/bin/cmake /home/omar/ptz_ws/src/yolo_ros/yolo_bringup -DAMENT_CMAKE_SYMLINK_INSTALL=1 -DCMAKE_INSTALL_PREFIX=/home/omar/ptz_ws/install/yolo_bringup
[0.241s] Invoking command in '/home/omar/ptz_ws/build/yolo_bringup': AMENT_PREFIX_PATH=/home/omar/ptz_ws/install/yolo_ros:/home/omar/ptz_ws/install/yolo_msgs:${AMENT_PREFIX_PATH} CMAKE_PREFIX_PATH=/home/omar/ptz_ws/install/yolo_msgs:/home/omar/ptz_ws/install/ptz_robot:/opt/ros/humble LD_LIBRARY_PATH=/home/omar/ptz_ws/install/yolo_msgs/lib:${LD_LIBRARY_PATH} PYTHONPATH=/home/omar/ptz_ws/build/yolo_ros:/home/omar/ptz_ws/install/yolo_ros/lib/python3.10/site-packages:/home/omar/ptz_ws/install/yolo_msgs/local/lib/python3.10/dist-packages:${PYTHONPATH} /usr/bin/cmake --build /home/omar/ptz_ws/build/yolo_bringup -- -j8 -l8
[0.252s] Invoked command in '/home/omar/ptz_ws/build/yolo_bringup' returned '0': AMENT_PREFIX_PATH=/home/omar/ptz_ws/install/yolo_ros:/home/omar/ptz_ws/install/yolo_msgs:${AMENT_PREFIX_PATH} CMAKE_PREFIX_PATH=/home/omar/ptz_ws/install/yolo_msgs:/home/omar/ptz_ws/install/ptz_robot:/opt/ros/humble LD_LIBRARY_PATH=/home/omar/ptz_ws/install/yolo_msgs/lib:${LD_LIBRARY_PATH} PYTHONPATH=/home/omar/ptz_ws/build/yolo_ros:/home/omar/ptz_ws/install/yolo_ros/lib/python3.10/site-packages:/home/omar/ptz_ws/install/yolo_msgs/local/lib/python3.10/dist-packages:${PYTHONPATH} /usr/bin/cmake --build /home/omar/ptz_ws/build/yolo_bringup -- -j8 -l8
[0.253s] Invoking command in '/home/omar/ptz_ws/build/yolo_bringup': AMENT_PREFIX_PATH=/home/omar/ptz_ws/install/yolo_ros:/home/omar/ptz_ws/install/yolo_msgs:${AMENT_PREFIX_PATH} CMAKE_PREFIX_PATH=/home/omar/ptz_ws/install/yolo_msgs:/home/omar/ptz_ws/install/ptz_robot:/opt/ros/humble LD_LIBRARY_PATH=/home/omar/ptz_ws/install/yolo_msgs/lib:${LD_LIBRARY_PATH} PYTHONPATH=/home/omar/ptz_ws/build/yolo_ros:/home/omar/ptz_ws/install/yolo_ros/lib/python3.10/site-packages:/home/omar/ptz_ws/install/yolo_msgs/local/lib/python3.10/dist-packages:${PYTHONPATH} /usr/bin/cmake --install /home/omar/ptz_ws/build/yolo_bringup
[0.256s] -- Install configuration: ""
[0.256s] -- Execute custom install script
[0.256s] -- Symlinking: /home/omar/ptz_ws/install/yolo_bringup/share/yolo_bringup//launch/yolo-world.launch.py
[0.259s] -- Symlinking: /home/omar/ptz_ws/install/yolo_bringup/share/yolo_bringup//launch/yolo.launch.py
[0.261s] -- Symlinking: /home/omar/ptz_ws/install/yolo_bringup/share/yolo_bringup//launch/yoloe.launch.py
[0.264s] -- Symlinking: /home/omar/ptz_ws/install/yolo_bringup/share/yolo_bringup//launch/yolov10.launch.py
[0.266s] -- Symlinking: /home/omar/ptz_ws/install/yolo_bringup/share/yolo_bringup//launch/yolov11.launch.py
[0.269s] -- Symlinking: /home/omar/ptz_ws/install/yolo_bringup/share/yolo_bringup//launch/yolov12.launch.py
[0.271s] -- Symlinking: /home/omar/ptz_ws/install/yolo_bringup/share/yolo_bringup//launch/yolov5.launch.py
[0.274s] -- Symlinking: /home/omar/ptz_ws/install/yolo_bringup/share/yolo_bringup//launch/yolov8.launch.py
[0.277s] -- Symlinking: /home/omar/ptz_ws/install/yolo_bringup/share/yolo_bringup//launch/yolov9.launch.py
[0.279s] -- Symlinking: /home/omar/ptz_ws/install/yolo_bringup/share/ament_index/resource_index/package_run_dependencies/yolo_bringup
[0.282s] -- Symlinking: /home/omar/ptz_ws/install/yolo_bringup/share/ament_index/resource_index/parent_prefix_path/yolo_bringup
[0.285s] -- Symlinking: /home/omar/ptz_ws/install/yolo_bringup/share/yolo_bringup/environment/ament_prefix_path.sh
[0.287s] -- Symlinking: /home/omar/ptz_ws/install/yolo_bringup/share/yolo_bringup/environment/ament_prefix_path.dsv
[0.290s] -- Symlinking: /home/omar/ptz_ws/install/yolo_bringup/share/yolo_bringup/environment/path.sh
[0.293s] -- Symlinking: /home/omar/ptz_ws/install/yolo_bringup/share/yolo_bringup/environment/path.dsv
[0.295s] -- Symlinking: /home/omar/ptz_ws/install/yolo_bringup/share/yolo_bringup/local_setup.bash
[0.298s] -- Symlinking: /home/omar/ptz_ws/install/yolo_bringup/share/yolo_bringup/local_setup.sh
[0.301s] -- Symlinking: /home/omar/ptz_ws/install/yolo_bringup/share/yolo_bringup/local_setup.zsh
[0.304s] -- Symlinking: /home/omar/ptz_ws/install/yolo_bringup/share/yolo_bringup/local_setup.dsv
[0.307s] -- Symlinking: /home/omar/ptz_ws/install/yolo_bringup/share/yolo_bringup/package.dsv
[0.309s] -- Symlinking: /home/omar/ptz_ws/install/yolo_bringup/share/ament_index/resource_index/packages/yolo_bringup
[0.312s] -- Symlinking: /home/omar/ptz_ws/install/yolo_bringup/share/yolo_bringup/cmake/yolo_bringupConfig.cmake
[0.314s] -- Symlinking: /home/omar/ptz_ws/install/yolo_bringup/share/yolo_bringup/cmake/yolo_bringupConfig-version.cmake
[0.317s] -- Symlinking: /home/omar/ptz_ws/install/yolo_bringup/share/yolo_bringup/package.xml
[0.321s] Invoked command in '/home/omar/ptz_ws/build/yolo_bringup' returned '0': AMENT_PREFIX_PATH=/home/omar/ptz_ws/install/yolo_ros:/home/omar/ptz_ws/install/yolo_msgs:${AMENT_PREFIX_PATH} CMAKE_PREFIX_PATH=/home/omar/ptz_ws/install/yolo_msgs:/home/omar/ptz_ws/install/ptz_robot:/opt/ros/humble LD_LIBRARY_PATH=/home/omar/ptz_ws/install/yolo_msgs/lib:${LD_LIBRARY_PATH} PYTHONPATH=/home/omar/ptz_ws/build/yolo_ros:/home/omar/ptz_ws/install/yolo_ros/lib/python3.10/site-packages:/home/omar/ptz_ws/install/yolo_msgs/local/lib/python3.10/dist-packages:${PYTHONPATH} /usr/bin/cmake --install /home/omar/ptz_ws/build/yolo_bringup
