[0.004s] Invoking command in '/home/omar/ptz_ws/build/yolo_bringup': AMENT_PREFIX_PATH=/home/omar/ptz_ws/install/yolo_ros:/home/omar/ptz_ws/install/yolo_bringup:/home/omar/ptz_ws/install/yolo_msgs:/home/omar/ptz_ws/install/ptz_robot:/opt/ros/humble CMAKE_PREFIX_PATH=/home/omar/ptz_ws/install/yolo_msgs:/home/omar/ptz_ws/install/yolo_bringup:/home/omar/ptz_ws/install/yolo_ros:/home/omar/ptz_ws/install/ptz_robot:/opt/ros/humble /usr/bin/cmake --build /home/omar/ptz_ws/build/yolo_bringup -- -j8 -l8
[0.018s] Invoked command in '/home/omar/ptz_ws/build/yolo_bringup' returned '0': AMENT_PREFIX_PATH=/home/omar/ptz_ws/install/yolo_ros:/home/omar/ptz_ws/install/yolo_bringup:/home/omar/ptz_ws/install/yolo_msgs:/home/omar/ptz_ws/install/ptz_robot:/opt/ros/humble CMAKE_PREFIX_PATH=/home/omar/ptz_ws/install/yolo_msgs:/home/omar/ptz_ws/install/yolo_bringup:/home/omar/ptz_ws/install/yolo_ros:/home/omar/ptz_ws/install/ptz_robot:/opt/ros/humble /usr/bin/cmake --build /home/omar/ptz_ws/build/yolo_bringup -- -j8 -l8
[0.019s] Invoking command in '/home/omar/ptz_ws/build/yolo_bringup': AMENT_PREFIX_PATH=/home/omar/ptz_ws/install/yolo_ros:/home/omar/ptz_ws/install/yolo_bringup:/home/omar/ptz_ws/install/yolo_msgs:/home/omar/ptz_ws/install/ptz_robot:/opt/ros/humble CMAKE_PREFIX_PATH=/home/omar/ptz_ws/install/yolo_msgs:/home/omar/ptz_ws/install/yolo_bringup:/home/omar/ptz_ws/install/yolo_ros:/home/omar/ptz_ws/install/ptz_robot:/opt/ros/humble /usr/bin/cmake --install /home/omar/ptz_ws/build/yolo_bringup
[0.021s] -- Install configuration: ""
[0.021s] -- Execute custom install script
[0.021s] -- Up-to-date symlink: /home/omar/ptz_ws/install/yolo_bringup/share/yolo_bringup//launch/yolo-world.launch.py
[0.021s] -- Up-to-date symlink: /home/omar/ptz_ws/install/yolo_bringup/share/yolo_bringup//launch/yolo.launch.py
[0.021s] -- Up-to-date symlink: /home/omar/ptz_ws/install/yolo_bringup/share/yolo_bringup//launch/yoloe.launch.py
[0.021s] -- Up-to-date symlink: /home/omar/ptz_ws/install/yolo_bringup/share/yolo_bringup//launch/yolov10.launch.py
[0.021s] -- Up-to-date symlink: /home/omar/ptz_ws/install/yolo_bringup/share/yolo_bringup//launch/yolov11.launch.py
[0.021s] -- Up-to-date symlink: /home/omar/ptz_ws/install/yolo_bringup/share/yolo_bringup//launch/yolov12.launch.py
[0.021s] -- Up-to-date symlink: /home/omar/ptz_ws/install/yolo_bringup/share/yolo_bringup//launch/yolov5.launch.py
[0.022s] -- Up-to-date symlink: /home/omar/ptz_ws/install/yolo_bringup/share/yolo_bringup//launch/yolov8.launch.py
[0.022s] -- Up-to-date symlink: /home/omar/ptz_ws/install/yolo_bringup/share/yolo_bringup//launch/yolov9.launch.py
[0.022s] -- Up-to-date symlink: /home/omar/ptz_ws/install/yolo_bringup/share/ament_index/resource_index/package_run_dependencies/yolo_bringup
[0.022s] -- Up-to-date symlink: /home/omar/ptz_ws/install/yolo_bringup/share/ament_index/resource_index/parent_prefix_path/yolo_bringup
[0.022s] -- Up-to-date symlink: /home/omar/ptz_ws/install/yolo_bringup/share/yolo_bringup/environment/ament_prefix_path.sh
[0.022s] -- Up-to-date symlink: /home/omar/ptz_ws/install/yolo_bringup/share/yolo_bringup/environment/ament_prefix_path.dsv
[0.022s] -- Up-to-date symlink: /home/omar/ptz_ws/install/yolo_bringup/share/yolo_bringup/environment/path.sh
[0.022s] -- Up-to-date symlink: /home/omar/ptz_ws/install/yolo_bringup/share/yolo_bringup/environment/path.dsv
[0.022s] -- Up-to-date symlink: /home/omar/ptz_ws/install/yolo_bringup/share/yolo_bringup/local_setup.bash
[0.022s] -- Up-to-date symlink: /home/omar/ptz_ws/install/yolo_bringup/share/yolo_bringup/local_setup.sh
[0.022s] -- Up-to-date symlink: /home/omar/ptz_ws/install/yolo_bringup/share/yolo_bringup/local_setup.zsh
[0.022s] -- Up-to-date symlink: /home/omar/ptz_ws/install/yolo_bringup/share/yolo_bringup/local_setup.dsv
[0.022s] -- Symlinking: /home/omar/ptz_ws/install/yolo_bringup/share/yolo_bringup/package.dsv
[0.025s] -- Up-to-date symlink: /home/omar/ptz_ws/install/yolo_bringup/share/ament_index/resource_index/packages/yolo_bringup
[0.025s] -- Up-to-date symlink: /home/omar/ptz_ws/install/yolo_bringup/share/yolo_bringup/cmake/yolo_bringupConfig.cmake
[0.025s] -- Up-to-date symlink: /home/omar/ptz_ws/install/yolo_bringup/share/yolo_bringup/cmake/yolo_bringupConfig-version.cmake
[0.025s] -- Up-to-date symlink: /home/omar/ptz_ws/install/yolo_bringup/share/yolo_bringup/package.xml
[0.026s] Invoked command in '/home/omar/ptz_ws/build/yolo_bringup' returned '0': AMENT_PREFIX_PATH=/home/omar/ptz_ws/install/yolo_ros:/home/omar/ptz_ws/install/yolo_bringup:/home/omar/ptz_ws/install/yolo_msgs:/home/omar/ptz_ws/install/ptz_robot:/opt/ros/humble CMAKE_PREFIX_PATH=/home/omar/ptz_ws/install/yolo_msgs:/home/omar/ptz_ws/install/yolo_bringup:/home/omar/ptz_ws/install/yolo_ros:/home/omar/ptz_ws/install/ptz_robot:/opt/ros/humble /usr/bin/cmake --install /home/omar/ptz_ws/build/yolo_bringup
