[0.045s] DEBUG:colcon:Command line arguments: ['/usr/bin/colcon', 'build', '--symlink-install']
[0.045s] DEBUG:colcon:Parsed command line arguments: Namespace(log_base=None, log_level=None, verb_name='build', build_base='build', install_base='install', merge_install=False, symlink_install=True, test_result_base=None, continue_on_error=False, executor='parallel', parallel_workers=8, event_handlers=None, ignore_user_meta=False, metas=['./colcon.meta'], base_paths=['.'], packages_ignore=None, packages_ignore_regex=None, paths=None, packages_up_to=None, packages_up_to_regex=None, packages_above=None, packages_above_and_dependencies=None, packages_above_depth=None, packages_select_by_dep=None, packages_skip_by_dep=None, packages_skip_up_to=None, packages_select_build_failed=False, packages_skip_build_finished=False, packages_select_test_failures=False, packages_skip_test_passed=False, packages_select=None, packages_skip=None, packages_select_regex=None, packages_skip_regex=None, packages_start=None, packages_end=None, allow_overriding=[], cmake_args=None, cmake_target=None, cmake_target_skip_unavailable=False, cmake_clean_cache=False, cmake_clean_first=False, cmake_force_configure=False, ament_cmake_args=None, catkin_cmake_args=None, catkin_skip_building_tests=False, mixin_files=None, mixin=None, verb_parser=<colcon_mixin.mixin.mixin_argument.MixinArgumentDecorator object at 0xffff9cbaab30>, verb_extension=<colcon_core.verb.build.BuildVerb object at 0xffff9cbaa530>, main=<bound method BuildVerb.main of <colcon_core.verb.build.BuildVerb object at 0xffff9cbaa530>>, mixin_verb=('build',))
[0.107s] Level 1:colcon.colcon_core.package_discovery:discover_packages(colcon_meta) check parameters
[0.107s] Level 1:colcon.colcon_core.package_discovery:discover_packages(recursive) check parameters
[0.107s] Level 1:colcon.colcon_core.package_discovery:discover_packages(ignore) check parameters
[0.107s] Level 1:colcon.colcon_core.package_discovery:discover_packages(path) check parameters
[0.107s] Level 1:colcon.colcon_core.package_discovery:discover_packages(colcon_meta) discover
[0.107s] Level 1:colcon.colcon_core.package_discovery:discover_packages(recursive) discover
[0.107s] INFO:colcon.colcon_core.package_discovery:Crawling recursively for packages in '/home/omar/ptz_ws'
[0.107s] Level 1:colcon.colcon_core.package_identification:_identify(.) by extensions ['ignore', 'ignore_ament_install']
[0.107s] Level 1:colcon.colcon_core.package_identification:_identify(.) by extension 'ignore'
[0.107s] Level 1:colcon.colcon_core.package_identification:_identify(.) by extension 'ignore_ament_install'
[0.107s] Level 1:colcon.colcon_core.package_identification:_identify(.) by extensions ['colcon_pkg']
[0.107s] Level 1:colcon.colcon_core.package_identification:_identify(.) by extension 'colcon_pkg'
[0.107s] Level 1:colcon.colcon_core.package_identification:_identify(.) by extensions ['colcon_meta']
[0.107s] Level 1:colcon.colcon_core.package_identification:_identify(.) by extension 'colcon_meta'
[0.107s] Level 1:colcon.colcon_core.package_identification:_identify(.) by extensions ['ros']
[0.107s] Level 1:colcon.colcon_core.package_identification:_identify(.) by extension 'ros'
[0.111s] Level 1:colcon.colcon_core.package_identification:_identify(.) by extensions ['cmake', 'python']
[0.111s] Level 1:colcon.colcon_core.package_identification:_identify(.) by extension 'cmake'
[0.111s] Level 1:colcon.colcon_core.package_identification:_identify(.) by extension 'python'
[0.111s] Level 1:colcon.colcon_core.package_identification:_identify(.) by extensions ['python_setup_py']
[0.111s] Level 1:colcon.colcon_core.package_identification:_identify(.) by extension 'python_setup_py'
[0.111s] Level 1:colcon.colcon_core.package_identification:_identify(build) by extensions ['ignore', 'ignore_ament_install']
[0.111s] Level 1:colcon.colcon_core.package_identification:_identify(build) by extension 'ignore'
[0.112s] Level 1:colcon.colcon_core.package_identification:_identify(build) ignored
[0.112s] Level 1:colcon.colcon_core.package_identification:_identify(install) by extensions ['ignore', 'ignore_ament_install']
[0.112s] Level 1:colcon.colcon_core.package_identification:_identify(install) by extension 'ignore'
[0.112s] Level 1:colcon.colcon_core.package_identification:_identify(install) ignored
[0.112s] Level 1:colcon.colcon_core.package_identification:_identify(log) by extensions ['ignore', 'ignore_ament_install']
[0.112s] Level 1:colcon.colcon_core.package_identification:_identify(log) by extension 'ignore'
[0.112s] Level 1:colcon.colcon_core.package_identification:_identify(log) ignored
[0.112s] Level 1:colcon.colcon_core.package_identification:_identify(src) by extensions ['ignore', 'ignore_ament_install']
[0.112s] Level 1:colcon.colcon_core.package_identification:_identify(src) by extension 'ignore'
[0.112s] Level 1:colcon.colcon_core.package_identification:_identify(src) by extension 'ignore_ament_install'
[0.112s] Level 1:colcon.colcon_core.package_identification:_identify(src) by extensions ['colcon_pkg']
[0.112s] Level 1:colcon.colcon_core.package_identification:_identify(src) by extension 'colcon_pkg'
[0.112s] Level 1:colcon.colcon_core.package_identification:_identify(src) by extensions ['colcon_meta']
[0.112s] Level 1:colcon.colcon_core.package_identification:_identify(src) by extension 'colcon_meta'
[0.112s] Level 1:colcon.colcon_core.package_identification:_identify(src) by extensions ['ros']
[0.112s] Level 1:colcon.colcon_core.package_identification:_identify(src) by extension 'ros'
[0.112s] Level 1:colcon.colcon_core.package_identification:_identify(src) by extensions ['cmake', 'python']
[0.112s] Level 1:colcon.colcon_core.package_identification:_identify(src) by extension 'cmake'
[0.112s] Level 1:colcon.colcon_core.package_identification:_identify(src) by extension 'python'
[0.112s] Level 1:colcon.colcon_core.package_identification:_identify(src) by extensions ['python_setup_py']
[0.112s] Level 1:colcon.colcon_core.package_identification:_identify(src) by extension 'python_setup_py'
[0.112s] Level 1:colcon.colcon_core.package_identification:_identify(src/ptz_robot) by extensions ['ignore', 'ignore_ament_install']
[0.112s] Level 1:colcon.colcon_core.package_identification:_identify(src/ptz_robot) by extension 'ignore'
[0.112s] Level 1:colcon.colcon_core.package_identification:_identify(src/ptz_robot) by extension 'ignore_ament_install'
[0.112s] Level 1:colcon.colcon_core.package_identification:_identify(src/ptz_robot) by extensions ['colcon_pkg']
[0.112s] Level 1:colcon.colcon_core.package_identification:_identify(src/ptz_robot) by extension 'colcon_pkg'
[0.112s] Level 1:colcon.colcon_core.package_identification:_identify(src/ptz_robot) by extensions ['colcon_meta']
[0.112s] Level 1:colcon.colcon_core.package_identification:_identify(src/ptz_robot) by extension 'colcon_meta'
[0.112s] Level 1:colcon.colcon_core.package_identification:_identify(src/ptz_robot) by extensions ['ros']
[0.112s] Level 1:colcon.colcon_core.package_identification:_identify(src/ptz_robot) by extension 'ros'
[0.113s] DEBUG:colcon.colcon_core.package_identification:Package 'src/ptz_robot' with type 'ros.ament_python' and name 'ptz_robot'
[0.113s] Level 1:colcon.colcon_core.package_identification:_identify(src/yolo_ros) by extensions ['ignore', 'ignore_ament_install']
[0.113s] Level 1:colcon.colcon_core.package_identification:_identify(src/yolo_ros) by extension 'ignore'
[0.113s] Level 1:colcon.colcon_core.package_identification:_identify(src/yolo_ros) by extension 'ignore_ament_install'
[0.113s] Level 1:colcon.colcon_core.package_identification:_identify(src/yolo_ros) by extensions ['colcon_pkg']
[0.113s] Level 1:colcon.colcon_core.package_identification:_identify(src/yolo_ros) by extension 'colcon_pkg'
[0.113s] Level 1:colcon.colcon_core.package_identification:_identify(src/yolo_ros) by extensions ['colcon_meta']
[0.113s] Level 1:colcon.colcon_core.package_identification:_identify(src/yolo_ros) by extension 'colcon_meta'
[0.113s] Level 1:colcon.colcon_core.package_identification:_identify(src/yolo_ros) by extensions ['ros']
[0.113s] Level 1:colcon.colcon_core.package_identification:_identify(src/yolo_ros) by extension 'ros'
[0.113s] Level 1:colcon.colcon_core.package_identification:_identify(src/yolo_ros) by extensions ['cmake', 'python']
[0.113s] Level 1:colcon.colcon_core.package_identification:_identify(src/yolo_ros) by extension 'cmake'
[0.113s] Level 1:colcon.colcon_core.package_identification:_identify(src/yolo_ros) by extension 'python'
[0.113s] Level 1:colcon.colcon_core.package_identification:_identify(src/yolo_ros) by extensions ['python_setup_py']
[0.113s] Level 1:colcon.colcon_core.package_identification:_identify(src/yolo_ros) by extension 'python_setup_py'
[0.113s] Level 1:colcon.colcon_core.package_identification:_identify(src/yolo_ros/docs) by extensions ['ignore', 'ignore_ament_install']
[0.113s] Level 1:colcon.colcon_core.package_identification:_identify(src/yolo_ros/docs) by extension 'ignore'
[0.113s] Level 1:colcon.colcon_core.package_identification:_identify(src/yolo_ros/docs) by extension 'ignore_ament_install'
[0.113s] Level 1:colcon.colcon_core.package_identification:_identify(src/yolo_ros/docs) by extensions ['colcon_pkg']
[0.113s] Level 1:colcon.colcon_core.package_identification:_identify(src/yolo_ros/docs) by extension 'colcon_pkg'
[0.113s] Level 1:colcon.colcon_core.package_identification:_identify(src/yolo_ros/docs) by extensions ['colcon_meta']
[0.113s] Level 1:colcon.colcon_core.package_identification:_identify(src/yolo_ros/docs) by extension 'colcon_meta'
[0.113s] Level 1:colcon.colcon_core.package_identification:_identify(src/yolo_ros/docs) by extensions ['ros']
[0.113s] Level 1:colcon.colcon_core.package_identification:_identify(src/yolo_ros/docs) by extension 'ros'
[0.113s] Level 1:colcon.colcon_core.package_identification:_identify(src/yolo_ros/docs) by extensions ['cmake', 'python']
[0.113s] Level 1:colcon.colcon_core.package_identification:_identify(src/yolo_ros/docs) by extension 'cmake'
[0.113s] Level 1:colcon.colcon_core.package_identification:_identify(src/yolo_ros/docs) by extension 'python'
[0.113s] Level 1:colcon.colcon_core.package_identification:_identify(src/yolo_ros/docs) by extensions ['python_setup_py']
[0.113s] Level 1:colcon.colcon_core.package_identification:_identify(src/yolo_ros/docs) by extension 'python_setup_py'
[0.113s] Level 1:colcon.colcon_core.package_identification:_identify(src/yolo_ros/yolo_bringup) by extensions ['ignore', 'ignore_ament_install']
[0.113s] Level 1:colcon.colcon_core.package_identification:_identify(src/yolo_ros/yolo_bringup) by extension 'ignore'
[0.114s] Level 1:colcon.colcon_core.package_identification:_identify(src/yolo_ros/yolo_bringup) by extension 'ignore_ament_install'
[0.114s] Level 1:colcon.colcon_core.package_identification:_identify(src/yolo_ros/yolo_bringup) by extensions ['colcon_pkg']
[0.114s] Level 1:colcon.colcon_core.package_identification:_identify(src/yolo_ros/yolo_bringup) by extension 'colcon_pkg'
[0.114s] Level 1:colcon.colcon_core.package_identification:_identify(src/yolo_ros/yolo_bringup) by extensions ['colcon_meta']
[0.114s] Level 1:colcon.colcon_core.package_identification:_identify(src/yolo_ros/yolo_bringup) by extension 'colcon_meta'
[0.114s] Level 1:colcon.colcon_core.package_identification:_identify(src/yolo_ros/yolo_bringup) by extensions ['ros']
[0.114s] Level 1:colcon.colcon_core.package_identification:_identify(src/yolo_ros/yolo_bringup) by extension 'ros'
[0.114s] DEBUG:colcon.colcon_core.package_identification:Package 'src/yolo_ros/yolo_bringup' with type 'ros.ament_cmake' and name 'yolo_bringup'
[0.114s] Level 1:colcon.colcon_core.package_identification:_identify(src/yolo_ros/yolo_msgs) by extensions ['ignore', 'ignore_ament_install']
[0.114s] Level 1:colcon.colcon_core.package_identification:_identify(src/yolo_ros/yolo_msgs) by extension 'ignore'
[0.114s] Level 1:colcon.colcon_core.package_identification:_identify(src/yolo_ros/yolo_msgs) by extension 'ignore_ament_install'
[0.114s] Level 1:colcon.colcon_core.package_identification:_identify(src/yolo_ros/yolo_msgs) by extensions ['colcon_pkg']
[0.114s] Level 1:colcon.colcon_core.package_identification:_identify(src/yolo_ros/yolo_msgs) by extension 'colcon_pkg'
[0.114s] Level 1:colcon.colcon_core.package_identification:_identify(src/yolo_ros/yolo_msgs) by extensions ['colcon_meta']
[0.114s] Level 1:colcon.colcon_core.package_identification:_identify(src/yolo_ros/yolo_msgs) by extension 'colcon_meta'
[0.114s] Level 1:colcon.colcon_core.package_identification:_identify(src/yolo_ros/yolo_msgs) by extensions ['ros']
[0.114s] Level 1:colcon.colcon_core.package_identification:_identify(src/yolo_ros/yolo_msgs) by extension 'ros'
[0.114s] DEBUG:colcon.colcon_core.package_identification:Package 'src/yolo_ros/yolo_msgs' with type 'ros.ament_cmake' and name 'yolo_msgs'
[0.114s] Level 1:colcon.colcon_core.package_identification:_identify(src/yolo_ros/yolo_ros) by extensions ['ignore', 'ignore_ament_install']
[0.114s] Level 1:colcon.colcon_core.package_identification:_identify(src/yolo_ros/yolo_ros) by extension 'ignore'
[0.114s] Level 1:colcon.colcon_core.package_identification:_identify(src/yolo_ros/yolo_ros) by extension 'ignore_ament_install'
[0.114s] Level 1:colcon.colcon_core.package_identification:_identify(src/yolo_ros/yolo_ros) by extensions ['colcon_pkg']
[0.114s] Level 1:colcon.colcon_core.package_identification:_identify(src/yolo_ros/yolo_ros) by extension 'colcon_pkg'
[0.114s] Level 1:colcon.colcon_core.package_identification:_identify(src/yolo_ros/yolo_ros) by extensions ['colcon_meta']
[0.114s] Level 1:colcon.colcon_core.package_identification:_identify(src/yolo_ros/yolo_ros) by extension 'colcon_meta'
[0.114s] Level 1:colcon.colcon_core.package_identification:_identify(src/yolo_ros/yolo_ros) by extensions ['ros']
[0.114s] Level 1:colcon.colcon_core.package_identification:_identify(src/yolo_ros/yolo_ros) by extension 'ros'
[0.115s] DEBUG:colcon.colcon_core.package_identification:Package 'src/yolo_ros/yolo_ros' with type 'ros.ament_python' and name 'yolo_ros'
[0.115s] Level 1:colcon.colcon_core.package_identification:_identify(worlds) by extensions ['ignore', 'ignore_ament_install']
[0.115s] Level 1:colcon.colcon_core.package_identification:_identify(worlds) by extension 'ignore'
[0.115s] Level 1:colcon.colcon_core.package_identification:_identify(worlds) by extension 'ignore_ament_install'
[0.115s] Level 1:colcon.colcon_core.package_identification:_identify(worlds) by extensions ['colcon_pkg']
[0.115s] Level 1:colcon.colcon_core.package_identification:_identify(worlds) by extension 'colcon_pkg'
[0.115s] Level 1:colcon.colcon_core.package_identification:_identify(worlds) by extensions ['colcon_meta']
[0.115s] Level 1:colcon.colcon_core.package_identification:_identify(worlds) by extension 'colcon_meta'
[0.115s] Level 1:colcon.colcon_core.package_identification:_identify(worlds) by extensions ['ros']
[0.115s] Level 1:colcon.colcon_core.package_identification:_identify(worlds) by extension 'ros'
[0.115s] Level 1:colcon.colcon_core.package_identification:_identify(worlds) by extensions ['cmake', 'python']
[0.115s] Level 1:colcon.colcon_core.package_identification:_identify(worlds) by extension 'cmake'
[0.115s] Level 1:colcon.colcon_core.package_identification:_identify(worlds) by extension 'python'
[0.115s] Level 1:colcon.colcon_core.package_identification:_identify(worlds) by extensions ['python_setup_py']
[0.115s] Level 1:colcon.colcon_core.package_identification:_identify(worlds) by extension 'python_setup_py'
[0.115s] Level 1:colcon.colcon_core.package_discovery:discover_packages(recursive) using defaults
[0.115s] Level 1:colcon.colcon_core.package_discovery:discover_packages(ignore) discover
[0.115s] Level 1:colcon.colcon_core.package_discovery:discover_packages(ignore) using defaults
[0.115s] Level 1:colcon.colcon_core.package_discovery:discover_packages(path) discover
[0.115s] Level 1:colcon.colcon_core.package_discovery:discover_packages(path) using defaults
[0.126s] Level 1:colcon.colcon_core.package_discovery:discover_packages(prefix_path) check parameters
[0.126s] Level 1:colcon.colcon_core.package_discovery:discover_packages(prefix_path) discover
[0.127s] WARNING:colcon.colcon_ros.prefix_path.ament:The path '/home/omar/ptz_ws/install/ptz_robot' in the environment variable AMENT_PREFIX_PATH doesn't exist
[0.127s] DEBUG:colcon.colcon_installed_package_information.package_discovery:Found 0 installed packages in /home/omar/ptz_ws/install
[0.128s] DEBUG:colcon.colcon_installed_package_information.package_discovery:Found 340 installed packages in /opt/ros/humble
[0.128s] Level 1:colcon.colcon_core.package_discovery:discover_packages(prefix_path) using defaults
[0.144s] Level 5:colcon.colcon_core.verb:set package 'ptz_robot' build argument 'cmake_args' from command line to 'None'
[0.144s] Level 5:colcon.colcon_core.verb:set package 'ptz_robot' build argument 'cmake_target' from command line to 'None'
[0.144s] Level 5:colcon.colcon_core.verb:set package 'ptz_robot' build argument 'cmake_target_skip_unavailable' from command line to 'False'
[0.144s] Level 5:colcon.colcon_core.verb:set package 'ptz_robot' build argument 'cmake_clean_cache' from command line to 'False'
[0.144s] Level 5:colcon.colcon_core.verb:set package 'ptz_robot' build argument 'cmake_clean_first' from command line to 'False'
[0.145s] Level 5:colcon.colcon_core.verb:set package 'ptz_robot' build argument 'cmake_force_configure' from command line to 'False'
[0.145s] Level 5:colcon.colcon_core.verb:set package 'ptz_robot' build argument 'ament_cmake_args' from command line to 'None'
[0.145s] Level 5:colcon.colcon_core.verb:set package 'ptz_robot' build argument 'catkin_cmake_args' from command line to 'None'
[0.145s] Level 5:colcon.colcon_core.verb:set package 'ptz_robot' build argument 'catkin_skip_building_tests' from command line to 'False'
[0.145s] DEBUG:colcon.colcon_core.verb:Building package 'ptz_robot' with the following arguments: {'ament_cmake_args': None, 'build_base': '/home/omar/ptz_ws/build/ptz_robot', 'catkin_cmake_args': None, 'catkin_skip_building_tests': False, 'cmake_args': None, 'cmake_clean_cache': False, 'cmake_clean_first': False, 'cmake_force_configure': False, 'cmake_target': None, 'cmake_target_skip_unavailable': False, 'install_base': '/home/omar/ptz_ws/install/ptz_robot', 'merge_install': False, 'path': '/home/omar/ptz_ws/src/ptz_robot', 'symlink_install': True, 'test_result_base': None}
[0.145s] Level 5:colcon.colcon_core.verb:set package 'yolo_msgs' build argument 'cmake_args' from command line to 'None'
[0.145s] Level 5:colcon.colcon_core.verb:set package 'yolo_msgs' build argument 'cmake_target' from command line to 'None'
[0.145s] Level 5:colcon.colcon_core.verb:set package 'yolo_msgs' build argument 'cmake_target_skip_unavailable' from command line to 'False'
[0.145s] Level 5:colcon.colcon_core.verb:set package 'yolo_msgs' build argument 'cmake_clean_cache' from command line to 'False'
[0.145s] Level 5:colcon.colcon_core.verb:set package 'yolo_msgs' build argument 'cmake_clean_first' from command line to 'False'
[0.145s] Level 5:colcon.colcon_core.verb:set package 'yolo_msgs' build argument 'cmake_force_configure' from command line to 'False'
[0.145s] Level 5:colcon.colcon_core.verb:set package 'yolo_msgs' build argument 'ament_cmake_args' from command line to 'None'
[0.145s] Level 5:colcon.colcon_core.verb:set package 'yolo_msgs' build argument 'catkin_cmake_args' from command line to 'None'
[0.145s] Level 5:colcon.colcon_core.verb:set package 'yolo_msgs' build argument 'catkin_skip_building_tests' from command line to 'False'
[0.145s] DEBUG:colcon.colcon_core.verb:Building package 'yolo_msgs' with the following arguments: {'ament_cmake_args': None, 'build_base': '/home/omar/ptz_ws/build/yolo_msgs', 'catkin_cmake_args': None, 'catkin_skip_building_tests': False, 'cmake_args': None, 'cmake_clean_cache': False, 'cmake_clean_first': False, 'cmake_force_configure': False, 'cmake_target': None, 'cmake_target_skip_unavailable': False, 'install_base': '/home/omar/ptz_ws/install/yolo_msgs', 'merge_install': False, 'path': '/home/omar/ptz_ws/src/yolo_ros/yolo_msgs', 'symlink_install': True, 'test_result_base': None}
[0.145s] Level 5:colcon.colcon_core.verb:set package 'yolo_ros' build argument 'cmake_args' from command line to 'None'
[0.145s] Level 5:colcon.colcon_core.verb:set package 'yolo_ros' build argument 'cmake_target' from command line to 'None'
[0.145s] Level 5:colcon.colcon_core.verb:set package 'yolo_ros' build argument 'cmake_target_skip_unavailable' from command line to 'False'
[0.145s] Level 5:colcon.colcon_core.verb:set package 'yolo_ros' build argument 'cmake_clean_cache' from command line to 'False'
[0.145s] Level 5:colcon.colcon_core.verb:set package 'yolo_ros' build argument 'cmake_clean_first' from command line to 'False'
[0.145s] Level 5:colcon.colcon_core.verb:set package 'yolo_ros' build argument 'cmake_force_configure' from command line to 'False'
[0.145s] Level 5:colcon.colcon_core.verb:set package 'yolo_ros' build argument 'ament_cmake_args' from command line to 'None'
[0.145s] Level 5:colcon.colcon_core.verb:set package 'yolo_ros' build argument 'catkin_cmake_args' from command line to 'None'
[0.145s] Level 5:colcon.colcon_core.verb:set package 'yolo_ros' build argument 'catkin_skip_building_tests' from command line to 'False'
[0.145s] DEBUG:colcon.colcon_core.verb:Building package 'yolo_ros' with the following arguments: {'ament_cmake_args': None, 'build_base': '/home/omar/ptz_ws/build/yolo_ros', 'catkin_cmake_args': None, 'catkin_skip_building_tests': False, 'cmake_args': None, 'cmake_clean_cache': False, 'cmake_clean_first': False, 'cmake_force_configure': False, 'cmake_target': None, 'cmake_target_skip_unavailable': False, 'install_base': '/home/omar/ptz_ws/install/yolo_ros', 'merge_install': False, 'path': '/home/omar/ptz_ws/src/yolo_ros/yolo_ros', 'symlink_install': True, 'test_result_base': None}
[0.145s] Level 5:colcon.colcon_core.verb:set package 'yolo_bringup' build argument 'cmake_args' from command line to 'None'
[0.145s] Level 5:colcon.colcon_core.verb:set package 'yolo_bringup' build argument 'cmake_target' from command line to 'None'
[0.145s] Level 5:colcon.colcon_core.verb:set package 'yolo_bringup' build argument 'cmake_target_skip_unavailable' from command line to 'False'
[0.145s] Level 5:colcon.colcon_core.verb:set package 'yolo_bringup' build argument 'cmake_clean_cache' from command line to 'False'
[0.145s] Level 5:colcon.colcon_core.verb:set package 'yolo_bringup' build argument 'cmake_clean_first' from command line to 'False'
[0.145s] Level 5:colcon.colcon_core.verb:set package 'yolo_bringup' build argument 'cmake_force_configure' from command line to 'False'
[0.145s] Level 5:colcon.colcon_core.verb:set package 'yolo_bringup' build argument 'ament_cmake_args' from command line to 'None'
[0.145s] Level 5:colcon.colcon_core.verb:set package 'yolo_bringup' build argument 'catkin_cmake_args' from command line to 'None'
[0.145s] Level 5:colcon.colcon_core.verb:set package 'yolo_bringup' build argument 'catkin_skip_building_tests' from command line to 'False'
[0.145s] DEBUG:colcon.colcon_core.verb:Building package 'yolo_bringup' with the following arguments: {'ament_cmake_args': None, 'build_base': '/home/omar/ptz_ws/build/yolo_bringup', 'catkin_cmake_args': None, 'catkin_skip_building_tests': False, 'cmake_args': None, 'cmake_clean_cache': False, 'cmake_clean_first': False, 'cmake_force_configure': False, 'cmake_target': None, 'cmake_target_skip_unavailable': False, 'install_base': '/home/omar/ptz_ws/install/yolo_bringup', 'merge_install': False, 'path': '/home/omar/ptz_ws/src/yolo_ros/yolo_bringup', 'symlink_install': True, 'test_result_base': None}
[0.145s] INFO:colcon.colcon_core.executor:Executing jobs using 'parallel' executor
[0.146s] DEBUG:colcon.colcon_parallel_executor.executor.parallel:run_until_complete
[0.146s] INFO:colcon.colcon_ros.task.ament_cmake.build:Building ROS package in '/home/omar/ptz_ws/src/yolo_ros/yolo_msgs' with build type 'ament_cmake'
[0.146s] INFO:colcon.colcon_cmake.task.cmake.build:Building CMake package in '/home/omar/ptz_ws/src/yolo_ros/yolo_msgs'
[0.147s] INFO:colcon.colcon_core.plugin_system:Skipping extension 'colcon_core.shell.bat': Not used on non-Windows systems
[0.147s] INFO:colcon.colcon_core.shell:Skip shell extension 'powershell' for command environment: Not usable outside of PowerShell
[0.147s] DEBUG:colcon.colcon_core.shell:Skip shell extension 'dsv' for command environment
[0.149s] INFO:colcon.colcon_ros.task.ament_python.build:Building ROS package in '/home/omar/ptz_ws/src/ptz_robot' with build type 'ament_python'
[0.149s] Level 1:colcon.colcon_core.shell:create_environment_hook('ptz_robot', 'ament_prefix_path')
[0.149s] INFO:colcon.colcon_core.shell:Creating environment hook '/home/omar/ptz_ws/install/ptz_robot/share/ptz_robot/hook/ament_prefix_path.ps1'
[0.149s] INFO:colcon.colcon_core.shell:Creating environment descriptor '/home/omar/ptz_ws/install/ptz_robot/share/ptz_robot/hook/ament_prefix_path.dsv'
[0.149s] INFO:colcon.colcon_core.shell:Creating environment hook '/home/omar/ptz_ws/install/ptz_robot/share/ptz_robot/hook/ament_prefix_path.sh'
[0.150s] INFO:colcon.colcon_core.shell:Skip shell extension 'powershell' for command environment: Not usable outside of PowerShell
[0.150s] DEBUG:colcon.colcon_core.shell:Skip shell extension 'dsv' for command environment
[0.155s] DEBUG:colcon.colcon_core.event_handler.log_command:Invoking command in '/home/omar/ptz_ws/build/yolo_msgs': CMAKE_PREFIX_PATH=/home/omar/ptz_ws/install/ptz_robot:/opt/ros/humble /usr/bin/cmake /home/omar/ptz_ws/src/yolo_ros/yolo_msgs -DAMENT_CMAKE_SYMLINK_INSTALL=1 -DCMAKE_INSTALL_PREFIX=/home/omar/ptz_ws/install/yolo_msgs
[0.257s] INFO:colcon.colcon_core.task.python.build:Building Python package in '/home/omar/ptz_ws/src/ptz_robot'
[0.257s] INFO:colcon.colcon_core.shell:Skip shell extension 'powershell' for command environment: Not usable outside of PowerShell
[0.257s] DEBUG:colcon.colcon_core.shell:Skip shell extension 'dsv' for command environment
[0.397s] DEBUG:colcon.colcon_core.event_handler.log_command:Invoking command in '/home/omar/ptz_ws/build/ptz_robot': PYTHONPATH=/home/omar/ptz_ws/build/ptz_robot/prefix_override:/usr/lib/python3/dist-packages/colcon_core/task/python/colcon_distutils_commands:/home/omar/ptz_ws/install/ptz_robot/lib/python3.10/site-packages:${PYTHONPATH} /usr/bin/python3 -W ignore:setup.py install is deprecated -W ignore:easy_install command is deprecated setup.py develop --editable --build-directory /home/omar/ptz_ws/build/ptz_robot/build --no-deps symlink_data
[0.574s] Level 1:colcon.colcon_core.shell:create_environment_hook('ptz_robot', 'pythonpath_develop')
[0.574s] INFO:colcon.colcon_core.shell:Creating environment hook '/home/omar/ptz_ws/build/ptz_robot/share/ptz_robot/hook/pythonpath_develop.ps1'
[0.575s] DEBUG:colcon.colcon_core.event_handler.log_command:Invoked command in '/home/omar/ptz_ws/build/ptz_robot' returned '0': PYTHONPATH=/home/omar/ptz_ws/build/ptz_robot/prefix_override:/usr/lib/python3/dist-packages/colcon_core/task/python/colcon_distutils_commands:/home/omar/ptz_ws/install/ptz_robot/lib/python3.10/site-packages:${PYTHONPATH} /usr/bin/python3 -W ignore:setup.py install is deprecated -W ignore:easy_install command is deprecated setup.py develop --editable --build-directory /home/omar/ptz_ws/build/ptz_robot/build --no-deps symlink_data
[0.575s] INFO:colcon.colcon_core.shell:Creating environment descriptor '/home/omar/ptz_ws/build/ptz_robot/share/ptz_robot/hook/pythonpath_develop.dsv'
[0.575s] INFO:colcon.colcon_core.shell:Creating environment hook '/home/omar/ptz_ws/build/ptz_robot/share/ptz_robot/hook/pythonpath_develop.sh'
[0.576s] Level 1:colcon.colcon_core.environment:checking '/home/omar/ptz_ws/install/ptz_robot' for CMake module files
[0.576s] Level 1:colcon.colcon_core.environment:checking '/home/omar/ptz_ws/install/ptz_robot' for CMake config files
[0.576s] Level 1:colcon.colcon_core.environment:checking '/home/omar/ptz_ws/install/ptz_robot/lib'
[0.577s] Level 1:colcon.colcon_core.environment:checking '/home/omar/ptz_ws/install/ptz_robot/bin'
[0.577s] Level 1:colcon.colcon_core.environment:checking '/home/omar/ptz_ws/install/ptz_robot/lib/pkgconfig/ptz_robot.pc'
[0.577s] Level 1:colcon.colcon_core.environment:checking '/home/omar/ptz_ws/install/ptz_robot/lib/python3.10/site-packages'
[0.577s] Level 1:colcon.colcon_core.shell:create_environment_hook('ptz_robot', 'pythonpath')
[0.577s] INFO:colcon.colcon_core.shell:Creating environment hook '/home/omar/ptz_ws/install/ptz_robot/share/ptz_robot/hook/pythonpath.ps1'
[0.577s] INFO:colcon.colcon_core.shell:Creating environment descriptor '/home/omar/ptz_ws/install/ptz_robot/share/ptz_robot/hook/pythonpath.dsv'
[0.577s] INFO:colcon.colcon_core.shell:Creating environment hook '/home/omar/ptz_ws/install/ptz_robot/share/ptz_robot/hook/pythonpath.sh'
[0.577s] Level 1:colcon.colcon_core.environment:checking '/home/omar/ptz_ws/install/ptz_robot/bin'
[0.577s] Level 1:colcon.colcon_core.environment:create_environment_scripts_only(ptz_robot)
[0.577s] INFO:colcon.colcon_core.shell:Creating package script '/home/omar/ptz_ws/install/ptz_robot/share/ptz_robot/package.ps1'
[0.578s] INFO:colcon.colcon_core.shell:Creating package descriptor '/home/omar/ptz_ws/install/ptz_robot/share/ptz_robot/package.dsv'
[0.578s] INFO:colcon.colcon_core.shell:Creating package script '/home/omar/ptz_ws/install/ptz_robot/share/ptz_robot/package.sh'
[0.578s] INFO:colcon.colcon_core.shell:Creating package script '/home/omar/ptz_ws/install/ptz_robot/share/ptz_robot/package.bash'
[0.578s] INFO:colcon.colcon_core.shell:Creating package script '/home/omar/ptz_ws/install/ptz_robot/share/ptz_robot/package.zsh'
[0.579s] Level 1:colcon.colcon_core.environment:create_file_with_runtime_dependencies(/home/omar/ptz_ws/install/ptz_robot/share/colcon-core/packages/ptz_robot)
[1.025s] DEBUG:colcon.colcon_core.event_handler.log_command:Invoked command in '/home/omar/ptz_ws/build/yolo_msgs' returned '0': CMAKE_PREFIX_PATH=/home/omar/ptz_ws/install/ptz_robot:/opt/ros/humble /usr/bin/cmake /home/omar/ptz_ws/src/yolo_ros/yolo_msgs -DAMENT_CMAKE_SYMLINK_INSTALL=1 -DCMAKE_INSTALL_PREFIX=/home/omar/ptz_ws/install/yolo_msgs
[1.025s] DEBUG:colcon.colcon_core.event_handler.log_command:Invoking command in '/home/omar/ptz_ws/build/yolo_msgs': CMAKE_PREFIX_PATH=/home/omar/ptz_ws/install/ptz_robot:/opt/ros/humble /usr/bin/cmake --build /home/omar/ptz_ws/build/yolo_msgs -- -j8 -l8
[3.931s] DEBUG:colcon.colcon_core.event_handler.log_command:Invoked command in '/home/omar/ptz_ws/build/yolo_msgs' returned '0': CMAKE_PREFIX_PATH=/home/omar/ptz_ws/install/ptz_robot:/opt/ros/humble /usr/bin/cmake --build /home/omar/ptz_ws/build/yolo_msgs -- -j8 -l8
[3.935s] DEBUG:colcon.colcon_core.event_handler.log_command:Invoking command in '/home/omar/ptz_ws/build/yolo_msgs': CMAKE_PREFIX_PATH=/home/omar/ptz_ws/install/ptz_robot:/opt/ros/humble /usr/bin/cmake --install /home/omar/ptz_ws/build/yolo_msgs
[4.655s] Level 1:colcon.colcon_core.environment:create_environment_scripts_only(yolo_msgs)
[4.655s] Level 1:colcon.colcon_core.environment:checking '/home/omar/ptz_ws/install/yolo_msgs' for CMake module files
[4.655s] DEBUG:colcon.colcon_core.event_handler.log_command:Invoked command in '/home/omar/ptz_ws/build/yolo_msgs' returned '0': CMAKE_PREFIX_PATH=/home/omar/ptz_ws/install/ptz_robot:/opt/ros/humble /usr/bin/cmake --install /home/omar/ptz_ws/build/yolo_msgs
[4.655s] Level 1:colcon.colcon_core.environment:checking '/home/omar/ptz_ws/install/yolo_msgs' for CMake config files
[4.656s] Level 1:colcon.colcon_core.shell:create_environment_hook('yolo_msgs', 'cmake_prefix_path')
[4.656s] INFO:colcon.colcon_core.shell:Creating environment hook '/home/omar/ptz_ws/install/yolo_msgs/share/yolo_msgs/hook/cmake_prefix_path.ps1'
[4.657s] INFO:colcon.colcon_core.shell:Creating environment descriptor '/home/omar/ptz_ws/install/yolo_msgs/share/yolo_msgs/hook/cmake_prefix_path.dsv'
[4.657s] INFO:colcon.colcon_core.shell:Creating environment hook '/home/omar/ptz_ws/install/yolo_msgs/share/yolo_msgs/hook/cmake_prefix_path.sh'
[4.657s] Level 1:colcon.colcon_core.environment:checking '/home/omar/ptz_ws/install/yolo_msgs/lib'
[4.657s] Level 1:colcon.colcon_core.shell:create_environment_hook('yolo_msgs', 'ld_library_path_lib')
[4.657s] INFO:colcon.colcon_core.shell:Creating environment hook '/home/omar/ptz_ws/install/yolo_msgs/share/yolo_msgs/hook/ld_library_path_lib.ps1'
[4.657s] INFO:colcon.colcon_core.shell:Creating environment descriptor '/home/omar/ptz_ws/install/yolo_msgs/share/yolo_msgs/hook/ld_library_path_lib.dsv'
[4.657s] INFO:colcon.colcon_core.shell:Creating environment hook '/home/omar/ptz_ws/install/yolo_msgs/share/yolo_msgs/hook/ld_library_path_lib.sh'
[4.657s] Level 1:colcon.colcon_core.environment:checking '/home/omar/ptz_ws/install/yolo_msgs/bin'
[4.657s] Level 1:colcon.colcon_core.environment:checking '/home/omar/ptz_ws/install/yolo_msgs/lib/pkgconfig/yolo_msgs.pc'
[4.657s] Level 1:colcon.colcon_core.environment:checking '/home/omar/ptz_ws/install/yolo_msgs/lib/python3.10/site-packages'
[4.657s] Level 1:colcon.colcon_core.environment:checking '/home/omar/ptz_ws/install/yolo_msgs/bin'
[4.658s] INFO:colcon.colcon_core.shell:Creating package script '/home/omar/ptz_ws/install/yolo_msgs/share/yolo_msgs/package.ps1'
[4.658s] INFO:colcon.colcon_core.shell:Creating package descriptor '/home/omar/ptz_ws/install/yolo_msgs/share/yolo_msgs/package.dsv'
[4.658s] INFO:colcon.colcon_core.shell:Creating package script '/home/omar/ptz_ws/install/yolo_msgs/share/yolo_msgs/package.sh'
[4.658s] INFO:colcon.colcon_core.shell:Creating package script '/home/omar/ptz_ws/install/yolo_msgs/share/yolo_msgs/package.bash'
[4.658s] INFO:colcon.colcon_core.shell:Creating package script '/home/omar/ptz_ws/install/yolo_msgs/share/yolo_msgs/package.zsh'
[4.658s] Level 1:colcon.colcon_core.environment:create_file_with_runtime_dependencies(/home/omar/ptz_ws/install/yolo_msgs/share/colcon-core/packages/yolo_msgs)
[4.658s] Level 1:colcon.colcon_core.environment:create_environment_scripts_only(yolo_msgs)
[4.658s] Level 1:colcon.colcon_core.environment:checking '/home/omar/ptz_ws/install/yolo_msgs' for CMake module files
[4.659s] Level 1:colcon.colcon_core.environment:checking '/home/omar/ptz_ws/install/yolo_msgs' for CMake config files
[4.659s] Level 1:colcon.colcon_core.shell:create_environment_hook('yolo_msgs', 'cmake_prefix_path')
[4.659s] INFO:colcon.colcon_core.shell:Creating environment hook '/home/omar/ptz_ws/install/yolo_msgs/share/yolo_msgs/hook/cmake_prefix_path.ps1'
[4.659s] INFO:colcon.colcon_core.shell:Creating environment descriptor '/home/omar/ptz_ws/install/yolo_msgs/share/yolo_msgs/hook/cmake_prefix_path.dsv'
[4.660s] INFO:colcon.colcon_core.shell:Creating environment hook '/home/omar/ptz_ws/install/yolo_msgs/share/yolo_msgs/hook/cmake_prefix_path.sh'
[4.660s] Level 1:colcon.colcon_core.environment:checking '/home/omar/ptz_ws/install/yolo_msgs/lib'
[4.660s] Level 1:colcon.colcon_core.shell:create_environment_hook('yolo_msgs', 'ld_library_path_lib')
[4.660s] INFO:colcon.colcon_core.shell:Creating environment hook '/home/omar/ptz_ws/install/yolo_msgs/share/yolo_msgs/hook/ld_library_path_lib.ps1'
[4.660s] INFO:colcon.colcon_core.shell:Creating environment descriptor '/home/omar/ptz_ws/install/yolo_msgs/share/yolo_msgs/hook/ld_library_path_lib.dsv'
[4.660s] INFO:colcon.colcon_core.shell:Creating environment hook '/home/omar/ptz_ws/install/yolo_msgs/share/yolo_msgs/hook/ld_library_path_lib.sh'
[4.660s] Level 1:colcon.colcon_core.environment:checking '/home/omar/ptz_ws/install/yolo_msgs/bin'
[4.660s] Level 1:colcon.colcon_core.environment:checking '/home/omar/ptz_ws/install/yolo_msgs/lib/pkgconfig/yolo_msgs.pc'
[4.660s] Level 1:colcon.colcon_core.environment:checking '/home/omar/ptz_ws/install/yolo_msgs/lib/python3.10/site-packages'
[4.660s] Level 1:colcon.colcon_core.environment:checking '/home/omar/ptz_ws/install/yolo_msgs/bin'
[4.661s] INFO:colcon.colcon_core.shell:Creating package script '/home/omar/ptz_ws/install/yolo_msgs/share/yolo_msgs/package.ps1'
[4.661s] INFO:colcon.colcon_core.shell:Creating package descriptor '/home/omar/ptz_ws/install/yolo_msgs/share/yolo_msgs/package.dsv'
[4.661s] INFO:colcon.colcon_core.shell:Creating package script '/home/omar/ptz_ws/install/yolo_msgs/share/yolo_msgs/package.sh'
[4.661s] INFO:colcon.colcon_core.shell:Creating package script '/home/omar/ptz_ws/install/yolo_msgs/share/yolo_msgs/package.bash'
[4.661s] INFO:colcon.colcon_core.shell:Creating package script '/home/omar/ptz_ws/install/yolo_msgs/share/yolo_msgs/package.zsh'
[4.661s] Level 1:colcon.colcon_core.environment:create_file_with_runtime_dependencies(/home/omar/ptz_ws/install/yolo_msgs/share/colcon-core/packages/yolo_msgs)
[4.661s] INFO:colcon.colcon_ros.task.ament_python.build:Building ROS package in '/home/omar/ptz_ws/src/yolo_ros/yolo_ros' with build type 'ament_python'
[4.661s] Level 1:colcon.colcon_core.shell:create_environment_hook('yolo_ros', 'ament_prefix_path')
[4.662s] INFO:colcon.colcon_core.shell:Creating environment hook '/home/omar/ptz_ws/install/yolo_ros/share/yolo_ros/hook/ament_prefix_path.ps1'
[4.662s] INFO:colcon.colcon_core.shell:Creating environment descriptor '/home/omar/ptz_ws/install/yolo_ros/share/yolo_ros/hook/ament_prefix_path.dsv'
[4.662s] INFO:colcon.colcon_core.shell:Creating environment hook '/home/omar/ptz_ws/install/yolo_ros/share/yolo_ros/hook/ament_prefix_path.sh'
[4.662s] INFO:colcon.colcon_core.shell:Skip shell extension 'powershell' for command environment: Not usable outside of PowerShell
[4.662s] DEBUG:colcon.colcon_core.shell:Skip shell extension 'dsv' for command environment
[4.763s] INFO:colcon.colcon_core.task.python.build:Building Python package in '/home/omar/ptz_ws/src/yolo_ros/yolo_ros'
[4.763s] INFO:colcon.colcon_core.shell:Skip shell extension 'powershell' for command environment: Not usable outside of PowerShell
[4.763s] DEBUG:colcon.colcon_core.shell:Skip shell extension 'dsv' for command environment
[4.908s] DEBUG:colcon.colcon_core.event_handler.log_command:Invoking command in '/home/omar/ptz_ws/build/yolo_ros': AMENT_PREFIX_PATH=/home/omar/ptz_ws/install/yolo_msgs:${AMENT_PREFIX_PATH} CMAKE_PREFIX_PATH=/home/omar/ptz_ws/install/yolo_msgs LD_LIBRARY_PATH=/home/omar/ptz_ws/install/yolo_msgs/lib:${LD_LIBRARY_PATH} PYTHONPATH=/home/omar/ptz_ws/build/yolo_ros/prefix_override:/usr/lib/python3/dist-packages/colcon_core/task/python/colcon_distutils_commands:/home/omar/ptz_ws/install/yolo_ros/lib/python3.10/site-packages:/home/omar/ptz_ws/install/yolo_msgs/local/lib/python3.10/dist-packages:${PYTHONPATH} /usr/bin/python3 -W ignore:setup.py install is deprecated -W ignore:easy_install command is deprecated setup.py develop --editable --build-directory /home/omar/ptz_ws/build/yolo_ros/build --no-deps symlink_data
[5.080s] Level 1:colcon.colcon_core.shell:create_environment_hook('yolo_ros', 'pythonpath_develop')
[5.080s] INFO:colcon.colcon_core.shell:Creating environment hook '/home/omar/ptz_ws/build/yolo_ros/share/yolo_ros/hook/pythonpath_develop.ps1'
[5.080s] DEBUG:colcon.colcon_core.event_handler.log_command:Invoked command in '/home/omar/ptz_ws/build/yolo_ros' returned '0': AMENT_PREFIX_PATH=/home/omar/ptz_ws/install/yolo_msgs:${AMENT_PREFIX_PATH} CMAKE_PREFIX_PATH=/home/omar/ptz_ws/install/yolo_msgs LD_LIBRARY_PATH=/home/omar/ptz_ws/install/yolo_msgs/lib:${LD_LIBRARY_PATH} PYTHONPATH=/home/omar/ptz_ws/build/yolo_ros/prefix_override:/usr/lib/python3/dist-packages/colcon_core/task/python/colcon_distutils_commands:/home/omar/ptz_ws/install/yolo_ros/lib/python3.10/site-packages:/home/omar/ptz_ws/install/yolo_msgs/local/lib/python3.10/dist-packages:${PYTHONPATH} /usr/bin/python3 -W ignore:setup.py install is deprecated -W ignore:easy_install command is deprecated setup.py develop --editable --build-directory /home/omar/ptz_ws/build/yolo_ros/build --no-deps symlink_data
[5.081s] INFO:colcon.colcon_core.shell:Creating environment descriptor '/home/omar/ptz_ws/build/yolo_ros/share/yolo_ros/hook/pythonpath_develop.dsv'
[5.081s] INFO:colcon.colcon_core.shell:Creating environment hook '/home/omar/ptz_ws/build/yolo_ros/share/yolo_ros/hook/pythonpath_develop.sh'
[5.081s] Level 1:colcon.colcon_core.environment:checking '/home/omar/ptz_ws/install/yolo_ros' for CMake module files
[5.081s] Level 1:colcon.colcon_core.environment:checking '/home/omar/ptz_ws/install/yolo_ros' for CMake config files
[5.081s] Level 1:colcon.colcon_core.environment:checking '/home/omar/ptz_ws/install/yolo_ros/lib'
[5.081s] Level 1:colcon.colcon_core.environment:checking '/home/omar/ptz_ws/install/yolo_ros/bin'
[5.081s] Level 1:colcon.colcon_core.environment:checking '/home/omar/ptz_ws/install/yolo_ros/lib/pkgconfig/yolo_ros.pc'
[5.081s] Level 1:colcon.colcon_core.environment:checking '/home/omar/ptz_ws/install/yolo_ros/lib/python3.10/site-packages'
[5.081s] Level 1:colcon.colcon_core.shell:create_environment_hook('yolo_ros', 'pythonpath')
[5.081s] INFO:colcon.colcon_core.shell:Creating environment hook '/home/omar/ptz_ws/install/yolo_ros/share/yolo_ros/hook/pythonpath.ps1'
[5.082s] INFO:colcon.colcon_core.shell:Creating environment descriptor '/home/omar/ptz_ws/install/yolo_ros/share/yolo_ros/hook/pythonpath.dsv'
[5.082s] INFO:colcon.colcon_core.shell:Creating environment hook '/home/omar/ptz_ws/install/yolo_ros/share/yolo_ros/hook/pythonpath.sh'
[5.082s] Level 1:colcon.colcon_core.environment:checking '/home/omar/ptz_ws/install/yolo_ros/bin'
[5.082s] Level 1:colcon.colcon_core.environment:create_environment_scripts_only(yolo_ros)
[5.082s] INFO:colcon.colcon_core.shell:Creating package script '/home/omar/ptz_ws/install/yolo_ros/share/yolo_ros/package.ps1'
[5.082s] INFO:colcon.colcon_core.shell:Creating package descriptor '/home/omar/ptz_ws/install/yolo_ros/share/yolo_ros/package.dsv'
[5.082s] INFO:colcon.colcon_core.shell:Creating package script '/home/omar/ptz_ws/install/yolo_ros/share/yolo_ros/package.sh'
[5.082s] INFO:colcon.colcon_core.shell:Creating package script '/home/omar/ptz_ws/install/yolo_ros/share/yolo_ros/package.bash'
[5.082s] INFO:colcon.colcon_core.shell:Creating package script '/home/omar/ptz_ws/install/yolo_ros/share/yolo_ros/package.zsh'
[5.083s] Level 1:colcon.colcon_core.environment:create_file_with_runtime_dependencies(/home/omar/ptz_ws/install/yolo_ros/share/colcon-core/packages/yolo_ros)
[5.083s] INFO:colcon.colcon_ros.task.ament_cmake.build:Building ROS package in '/home/omar/ptz_ws/src/yolo_ros/yolo_bringup' with build type 'ament_cmake'
[5.083s] INFO:colcon.colcon_cmake.task.cmake.build:Building CMake package in '/home/omar/ptz_ws/src/yolo_ros/yolo_bringup'
[5.083s] INFO:colcon.colcon_core.shell:Skip shell extension 'powershell' for command environment: Not usable outside of PowerShell
[5.083s] DEBUG:colcon.colcon_core.shell:Skip shell extension 'dsv' for command environment
[5.088s] DEBUG:colcon.colcon_core.event_handler.log_command:Invoking command in '/home/omar/ptz_ws/build/yolo_bringup': AMENT_PREFIX_PATH=/home/omar/ptz_ws/install/yolo_ros:/home/omar/ptz_ws/install/yolo_msgs:${AMENT_PREFIX_PATH} CMAKE_PREFIX_PATH=/home/omar/ptz_ws/install/yolo_msgs:/home/omar/ptz_ws/install/ptz_robot:/opt/ros/humble LD_LIBRARY_PATH=/home/omar/ptz_ws/install/yolo_msgs/lib:${LD_LIBRARY_PATH} PYTHONPATH=/home/omar/ptz_ws/build/yolo_ros:/home/omar/ptz_ws/install/yolo_ros/lib/python3.10/site-packages:/home/omar/ptz_ws/install/yolo_msgs/local/lib/python3.10/dist-packages:${PYTHONPATH} /usr/bin/cmake /home/omar/ptz_ws/src/yolo_ros/yolo_bringup -DAMENT_CMAKE_SYMLINK_INSTALL=1 -DCMAKE_INSTALL_PREFIX=/home/omar/ptz_ws/install/yolo_bringup
[5.324s] DEBUG:colcon.colcon_core.event_handler.log_command:Invoked command in '/home/omar/ptz_ws/build/yolo_bringup' returned '0': AMENT_PREFIX_PATH=/home/omar/ptz_ws/install/yolo_ros:/home/omar/ptz_ws/install/yolo_msgs:${AMENT_PREFIX_PATH} CMAKE_PREFIX_PATH=/home/omar/ptz_ws/install/yolo_msgs:/home/omar/ptz_ws/install/ptz_robot:/opt/ros/humble LD_LIBRARY_PATH=/home/omar/ptz_ws/install/yolo_msgs/lib:${LD_LIBRARY_PATH} PYTHONPATH=/home/omar/ptz_ws/build/yolo_ros:/home/omar/ptz_ws/install/yolo_ros/lib/python3.10/site-packages:/home/omar/ptz_ws/install/yolo_msgs/local/lib/python3.10/dist-packages:${PYTHONPATH} /usr/bin/cmake /home/omar/ptz_ws/src/yolo_ros/yolo_bringup -DAMENT_CMAKE_SYMLINK_INSTALL=1 -DCMAKE_INSTALL_PREFIX=/home/omar/ptz_ws/install/yolo_bringup
[5.324s] DEBUG:colcon.colcon_core.event_handler.log_command:Invoking command in '/home/omar/ptz_ws/build/yolo_bringup': AMENT_PREFIX_PATH=/home/omar/ptz_ws/install/yolo_ros:/home/omar/ptz_ws/install/yolo_msgs:${AMENT_PREFIX_PATH} CMAKE_PREFIX_PATH=/home/omar/ptz_ws/install/yolo_msgs:/home/omar/ptz_ws/install/ptz_robot:/opt/ros/humble LD_LIBRARY_PATH=/home/omar/ptz_ws/install/yolo_msgs/lib:${LD_LIBRARY_PATH} PYTHONPATH=/home/omar/ptz_ws/build/yolo_ros:/home/omar/ptz_ws/install/yolo_ros/lib/python3.10/site-packages:/home/omar/ptz_ws/install/yolo_msgs/local/lib/python3.10/dist-packages:${PYTHONPATH} /usr/bin/cmake --build /home/omar/ptz_ws/build/yolo_bringup -- -j8 -l8
[5.336s] DEBUG:colcon.colcon_core.event_handler.log_command:Invoked command in '/home/omar/ptz_ws/build/yolo_bringup' returned '0': AMENT_PREFIX_PATH=/home/omar/ptz_ws/install/yolo_ros:/home/omar/ptz_ws/install/yolo_msgs:${AMENT_PREFIX_PATH} CMAKE_PREFIX_PATH=/home/omar/ptz_ws/install/yolo_msgs:/home/omar/ptz_ws/install/ptz_robot:/opt/ros/humble LD_LIBRARY_PATH=/home/omar/ptz_ws/install/yolo_msgs/lib:${LD_LIBRARY_PATH} PYTHONPATH=/home/omar/ptz_ws/build/yolo_ros:/home/omar/ptz_ws/install/yolo_ros/lib/python3.10/site-packages:/home/omar/ptz_ws/install/yolo_msgs/local/lib/python3.10/dist-packages:${PYTHONPATH} /usr/bin/cmake --build /home/omar/ptz_ws/build/yolo_bringup -- -j8 -l8
[5.337s] DEBUG:colcon.colcon_core.event_handler.log_command:Invoking command in '/home/omar/ptz_ws/build/yolo_bringup': AMENT_PREFIX_PATH=/home/omar/ptz_ws/install/yolo_ros:/home/omar/ptz_ws/install/yolo_msgs:${AMENT_PREFIX_PATH} CMAKE_PREFIX_PATH=/home/omar/ptz_ws/install/yolo_msgs:/home/omar/ptz_ws/install/ptz_robot:/opt/ros/humble LD_LIBRARY_PATH=/home/omar/ptz_ws/install/yolo_msgs/lib:${LD_LIBRARY_PATH} PYTHONPATH=/home/omar/ptz_ws/build/yolo_ros:/home/omar/ptz_ws/install/yolo_ros/lib/python3.10/site-packages:/home/omar/ptz_ws/install/yolo_msgs/local/lib/python3.10/dist-packages:${PYTHONPATH} /usr/bin/cmake --install /home/omar/ptz_ws/build/yolo_bringup
[5.404s] Level 1:colcon.colcon_core.environment:create_environment_scripts_only(yolo_bringup)
[5.404s] Level 1:colcon.colcon_core.environment:checking '/home/omar/ptz_ws/install/yolo_bringup' for CMake module files
[5.404s] DEBUG:colcon.colcon_core.event_handler.log_command:Invoked command in '/home/omar/ptz_ws/build/yolo_bringup' returned '0': AMENT_PREFIX_PATH=/home/omar/ptz_ws/install/yolo_ros:/home/omar/ptz_ws/install/yolo_msgs:${AMENT_PREFIX_PATH} CMAKE_PREFIX_PATH=/home/omar/ptz_ws/install/yolo_msgs:/home/omar/ptz_ws/install/ptz_robot:/opt/ros/humble LD_LIBRARY_PATH=/home/omar/ptz_ws/install/yolo_msgs/lib:${LD_LIBRARY_PATH} PYTHONPATH=/home/omar/ptz_ws/build/yolo_ros:/home/omar/ptz_ws/install/yolo_ros/lib/python3.10/site-packages:/home/omar/ptz_ws/install/yolo_msgs/local/lib/python3.10/dist-packages:${PYTHONPATH} /usr/bin/cmake --install /home/omar/ptz_ws/build/yolo_bringup
[5.404s] Level 1:colcon.colcon_core.environment:checking '/home/omar/ptz_ws/install/yolo_bringup' for CMake config files
[5.404s] Level 1:colcon.colcon_core.shell:create_environment_hook('yolo_bringup', 'cmake_prefix_path')
[5.404s] INFO:colcon.colcon_core.shell:Creating environment hook '/home/omar/ptz_ws/install/yolo_bringup/share/yolo_bringup/hook/cmake_prefix_path.ps1'
[5.405s] INFO:colcon.colcon_core.shell:Creating environment descriptor '/home/omar/ptz_ws/install/yolo_bringup/share/yolo_bringup/hook/cmake_prefix_path.dsv'
[5.405s] INFO:colcon.colcon_core.shell:Creating environment hook '/home/omar/ptz_ws/install/yolo_bringup/share/yolo_bringup/hook/cmake_prefix_path.sh'
[5.405s] Level 1:colcon.colcon_core.environment:checking '/home/omar/ptz_ws/install/yolo_bringup/bin'
[5.405s] Level 1:colcon.colcon_core.environment:checking '/home/omar/ptz_ws/install/yolo_bringup/lib/pkgconfig/yolo_bringup.pc'
[5.405s] Level 1:colcon.colcon_core.environment:checking '/home/omar/ptz_ws/install/yolo_bringup/lib/python3.10/site-packages'
[5.405s] Level 1:colcon.colcon_core.environment:checking '/home/omar/ptz_ws/install/yolo_bringup/bin'
[5.405s] INFO:colcon.colcon_core.shell:Creating package script '/home/omar/ptz_ws/install/yolo_bringup/share/yolo_bringup/package.ps1'
[5.405s] INFO:colcon.colcon_core.shell:Creating package descriptor '/home/omar/ptz_ws/install/yolo_bringup/share/yolo_bringup/package.dsv'
[5.405s] INFO:colcon.colcon_core.shell:Creating package script '/home/omar/ptz_ws/install/yolo_bringup/share/yolo_bringup/package.sh'
[5.406s] INFO:colcon.colcon_core.shell:Creating package script '/home/omar/ptz_ws/install/yolo_bringup/share/yolo_bringup/package.bash'
[5.406s] INFO:colcon.colcon_core.shell:Creating package script '/home/omar/ptz_ws/install/yolo_bringup/share/yolo_bringup/package.zsh'
[5.406s] Level 1:colcon.colcon_core.environment:create_file_with_runtime_dependencies(/home/omar/ptz_ws/install/yolo_bringup/share/colcon-core/packages/yolo_bringup)
[5.406s] Level 1:colcon.colcon_core.environment:create_environment_scripts_only(yolo_bringup)
[5.406s] Level 1:colcon.colcon_core.environment:checking '/home/omar/ptz_ws/install/yolo_bringup' for CMake module files
[5.406s] Level 1:colcon.colcon_core.environment:checking '/home/omar/ptz_ws/install/yolo_bringup' for CMake config files
[5.406s] Level 1:colcon.colcon_core.shell:create_environment_hook('yolo_bringup', 'cmake_prefix_path')
[5.406s] INFO:colcon.colcon_core.shell:Creating environment hook '/home/omar/ptz_ws/install/yolo_bringup/share/yolo_bringup/hook/cmake_prefix_path.ps1'
[5.406s] INFO:colcon.colcon_core.shell:Creating environment descriptor '/home/omar/ptz_ws/install/yolo_bringup/share/yolo_bringup/hook/cmake_prefix_path.dsv'
[5.407s] INFO:colcon.colcon_core.shell:Creating environment hook '/home/omar/ptz_ws/install/yolo_bringup/share/yolo_bringup/hook/cmake_prefix_path.sh'
[5.407s] Level 1:colcon.colcon_core.environment:checking '/home/omar/ptz_ws/install/yolo_bringup/bin'
[5.407s] Level 1:colcon.colcon_core.environment:checking '/home/omar/ptz_ws/install/yolo_bringup/lib/pkgconfig/yolo_bringup.pc'
[5.407s] Level 1:colcon.colcon_core.environment:checking '/home/omar/ptz_ws/install/yolo_bringup/lib/python3.10/site-packages'
[5.407s] Level 1:colcon.colcon_core.environment:checking '/home/omar/ptz_ws/install/yolo_bringup/bin'
[5.407s] INFO:colcon.colcon_core.shell:Creating package script '/home/omar/ptz_ws/install/yolo_bringup/share/yolo_bringup/package.ps1'
[5.407s] INFO:colcon.colcon_core.shell:Creating package descriptor '/home/omar/ptz_ws/install/yolo_bringup/share/yolo_bringup/package.dsv'
[5.407s] INFO:colcon.colcon_core.shell:Creating package script '/home/omar/ptz_ws/install/yolo_bringup/share/yolo_bringup/package.sh'
[5.407s] INFO:colcon.colcon_core.shell:Creating package script '/home/omar/ptz_ws/install/yolo_bringup/share/yolo_bringup/package.bash'
[5.408s] INFO:colcon.colcon_core.shell:Creating package script '/home/omar/ptz_ws/install/yolo_bringup/share/yolo_bringup/package.zsh'
[5.408s] Level 1:colcon.colcon_core.environment:create_file_with_runtime_dependencies(/home/omar/ptz_ws/install/yolo_bringup/share/colcon-core/packages/yolo_bringup)
[5.408s] DEBUG:colcon.colcon_parallel_executor.executor.parallel:closing loop
[5.408s] DEBUG:colcon.colcon_parallel_executor.executor.parallel:loop closed
[5.408s] DEBUG:colcon.colcon_parallel_executor.executor.parallel:run_until_complete finished with '0'
[5.408s] DEBUG:colcon.colcon_core.event_reactor:joining thread
[5.410s] INFO:colcon.colcon_core.plugin_system:Skipping extension 'colcon_notification.desktop_notification.terminal_notifier': Not used on non-Darwin systems
[5.410s] INFO:colcon.colcon_core.plugin_system:Skipping extension 'colcon_notification.desktop_notification.win32': Not used on non-Windows systems
[5.410s] INFO:colcon.colcon_notification.desktop_notification:Sending desktop notification using 'notify2'
[5.415s] DEBUG:colcon.colcon_core.event_reactor:joined thread
[5.415s] INFO:colcon.colcon_core.shell:Creating prefix script '/home/omar/ptz_ws/install/local_setup.ps1'
[5.416s] INFO:colcon.colcon_core.shell:Creating prefix util module '/home/omar/ptz_ws/install/_local_setup_util_ps1.py'
[5.416s] INFO:colcon.colcon_core.shell:Creating prefix chain script '/home/omar/ptz_ws/install/setup.ps1'
[5.417s] INFO:colcon.colcon_core.shell:Creating prefix script '/home/omar/ptz_ws/install/local_setup.sh'
[5.417s] INFO:colcon.colcon_core.shell:Creating prefix util module '/home/omar/ptz_ws/install/_local_setup_util_sh.py'
[5.417s] INFO:colcon.colcon_core.shell:Creating prefix chain script '/home/omar/ptz_ws/install/setup.sh'
[5.417s] INFO:colcon.colcon_core.shell:Creating prefix script '/home/omar/ptz_ws/install/local_setup.bash'
[5.418s] INFO:colcon.colcon_core.shell:Creating prefix chain script '/home/omar/ptz_ws/install/setup.bash'
[5.418s] INFO:colcon.colcon_core.shell:Creating prefix script '/home/omar/ptz_ws/install/local_setup.zsh'
[5.418s] INFO:colcon.colcon_core.shell:Creating prefix chain script '/home/omar/ptz_ws/install/setup.zsh'
